<?xml version="1.0" encoding="UTF-8"?>
<testsuite name="org.example.PresionTest" tests="3" skipped="0" failures="0" errors="0" timestamp="2024-07-03T22:19:12" hostname="DESKTOP-531818M" time="0.013">
  <properties/>
  <testcase name="testPresionNormal()" classname="org.example.PresionTest" time="0.002"/>
  <testcase name="testPresionAlta()" classname="org.example.PresionTest" time="0.001"/>
  <testcase name="testPresionBaja()" classname="org.example.PresionTest" time="0.004"/>
  <system-out><![CDATA[]]></system-out>
  <system-err><![CDATA[]]></system-err>
</testsuite>
