<?xml version="1.0" encoding="UTF-8"?>
<testsuite name="org.example.TemperaturaTest" tests="3" skipped="0" failures="0" errors="0" timestamp="2024-07-03T22:19:12" hostname="DESKTOP-531818M" time="0.028">
  <properties/>
  <testcase name="testTemperaturaNormal()" classname="org.example.TemperaturaTest" time="0.006"/>
  <testcase name="testTemperaturaAlta()" classname="org.example.TemperaturaTest" time="0.007"/>
  <testcase name="testTemperaturaBaja()" classname="org.example.TemperaturaTest" time="0.004"/>
  <system-out><![CDATA[]]></system-out>
  <system-err><![CDATA[]]></system-err>
</testsuite>
