<?xml version="1.0" encoding="UTF-8"?>
<testsuite name="org.example.VientoTest" tests="3" skipped="0" failures="0" errors="0" timestamp="2024-07-03T22:19:12" hostname="DESKTOP-531818M" time="0.013">
  <properties/>
  <testcase name="testVientoAlta()" classname="org.example.VientoTest" time="0.003"/>
  <testcase name="testVientoBaja()" classname="org.example.VientoTest" time="0.003"/>
  <testcase name="testVientoNormal()" classname="org.example.VientoTest" time="0.003"/>
  <system-out><![CDATA[]]></system-out>
  <system-err><![CDATA[]]></system-err>
</testsuite>
