<?xml version="1.0" encoding="UTF-8"?>
<testsuite name="org.example.FakeEstrategiaPrediccionTest" tests="3" skipped="0" failures="0" errors="0" timestamp="2024-07-03T22:19:12" hostname="DESKTOP-531818M" time="0.024">
  <properties/>
  <testcase name="testPredecirSucesos_ConCondicionesNormales()" classname="org.example.FakeEstrategiaPrediccionTest" time="0.009"/>
  <testcase name="testPredecirSucesos_ConTormentaPosible()" classname="org.example.FakeEstrategiaPrediccionTest" time="0.005"/>
  <testcase name="testDefinirEventos_ConCondicionesNormales()" classname="org.example.FakeEstrategiaPrediccionTest" time="0.002"/>
  <system-out><![CDATA[]]></system-out>
  <system-err><![CDATA[]]></system-err>
</testsuite>
