<?xml version="1.0" encoding="UTF-8"?>
<testsuite name="org.example.HumedadTest" tests="3" skipped="0" failures="0" errors="0" timestamp="2024-07-03T22:19:12" hostname="DESKTOP-531818M" time="0.024">
  <properties/>
  <testcase name="testHumedadNormal()" classname="org.example.HumedadTest" time="0.003"/>
  <testcase name="testHumedadAlta()" classname="org.example.HumedadTest" time="0.006"/>
  <testcase name="testHumedadBaja()" classname="org.example.HumedadTest" time="0.005"/>
  <system-out><![CDATA[]]></system-out>
  <system-err><![CDATA[]]></system-err>
</testsuite>
