<?xml version="1.0" encoding="UTF-8"?>
<testsuite name="org.example.EventoTest" tests="3" skipped="0" failures="0" errors="0" timestamp="2024-07-03T15:51:38" hostname="DESKTOP-531818M" time="0.042">
  <properties/>
  <testcase name="testAlertas()" classname="org.example.EventoTest" time="0.034"/>
  <testcase name="testNotificaciones()" classname="org.example.EventoTest" time="0.002"/>
  <testcase name="testAutomatico()" classname="org.example.EventoTest" time="0.002"/>
  <system-out><![CDATA[]]></system-out>
  <system-err><![CDATA[]]></system-err>
</testsuite>
