<?xml version="1.0" encoding="UTF-8"?>
<testsuite name="org.example.LluviaTest" tests="3" skipped="0" failures="0" errors="0" timestamp="2024-07-03T15:51:38" hostname="DESKTOP-531818M" time="0.006">
  <properties/>
  <testcase name="testLluviaAlta()" classname="org.example.LluviaTest" time="0.002"/>
  <testcase name="testLluviaBaja()" classname="org.example.LluviaTest" time="0.001"/>
  <testcase name="testLluviaNormal()" classname="org.example.LluviaTest" time="0.001"/>
  <system-out><![CDATA[]]></system-out>
  <system-err><![CDATA[]]></system-err>
</testsuite>
